I0125 13:59:04.826143   17506 main.go:99] Starting Hypercloud5-API server...
I0125 14:00:00.000359   17506 meteringJob.go:78] ============= Metering Time =============
I0125 14:00:00.000445   17506 meteringJob.go:79] Current Time   :  2021-01-25 14:00:00
I0125 14:00:00.000470   17506 meteringJob.go:80] minute of hour :  0
I0125 14:00:00.000499   17506 meteringJob.go:81] hour of day    :  14
I0125 14:00:00.000523   17506 meteringJob.go:82] day of month   :  25
I0125 14:00:00.000545   17506 meteringJob.go:83] day of year    :  25
I0125 14:00:00.000565   17506 meteringJob.go:551] Insert into METERING_HOUR Start!!
I0125 14:00:00.000593   17506 meteringJob.go:552] Current Time : 2021-01-25 14:00:00
E0125 14:00:00.074083   17506 meteringJob.go:565] dial tcp: lookup mysql-service.hypercloud5-system.svc: no such host
E0125 14:00:00.074083   17506 meteringJob.go:565] dial tcp: lookup mysql-service.hypercloud5-system.svc: no such host
E0125 14:00:00.074083   17506 meteringJob.go:565] dial tcp: lookup mysql-service.hypercloud5-system.svc: no such host
I0125 14:01:00.000154   17506 meteringJob.go:78] ============= Metering Time =============
I0125 14:01:00.000180   17506 meteringJob.go:79] Current Time   :  2021-01-25 14:01:00
I0125 14:01:00.000187   17506 meteringJob.go:80] minute of hour :  1
I0125 14:01:00.000194   17506 meteringJob.go:81] hour of day    :  14
I0125 14:01:00.000201   17506 meteringJob.go:82] day of month   :  25
I0125 14:01:00.000207   17506 meteringJob.go:83] day of year    :  25
E0125 14:01:00.090305   17506 meteringJob.go:284] Prometheus Connection Failed.
E0125 14:01:00.090305   17506 meteringJob.go:284] Prometheus Connection Failed.
E0125 14:01:00.090305   17506 meteringJob.go:284] Prometheus Connection Failed.
I0125 14:02:00.000290   17506 meteringJob.go:78] ============= Metering Time =============
I0125 14:02:00.000375   17506 meteringJob.go:79] Current Time   :  2021-01-25 14:02:00
I0125 14:02:00.000404   17506 meteringJob.go:80] minute of hour :  2
I0125 14:02:00.000433   17506 meteringJob.go:81] hour of day    :  14
I0125 14:02:00.000455   17506 meteringJob.go:82] day of month   :  25
I0125 14:02:00.000489   17506 meteringJob.go:83] day of year    :  25
E0125 14:02:00.001793   17506 meteringJob.go:284] Prometheus Connection Failed.
E0125 14:02:00.001793   17506 meteringJob.go:284] Prometheus Connection Failed.
E0125 14:02:00.001793   17506 meteringJob.go:284] Prometheus Connection Failed.
I0125 14:03:00.000343   17506 meteringJob.go:78] ============= Metering Time =============
I0125 14:03:00.000434   17506 meteringJob.go:79] Current Time   :  2021-01-25 14:03:00
I0125 14:03:00.000463   17506 meteringJob.go:80] minute of hour :  3
I0125 14:03:00.000489   17506 meteringJob.go:81] hour of day    :  14
I0125 14:03:00.000513   17506 meteringJob.go:82] day of month   :  25
I0125 14:03:00.000539   17506 meteringJob.go:83] day of year    :  25
E0125 14:03:00.001906   17506 meteringJob.go:284] Prometheus Connection Failed.
E0125 14:03:00.001906   17506 meteringJob.go:284] Prometheus Connection Failed.
E0125 14:03:00.001906   17506 meteringJob.go:284] Prometheus Connection Failed.
I0125 14:04:00.000328   17506 meteringJob.go:78] ============= Metering Time =============
I0125 14:04:00.000410   17506 meteringJob.go:79] Current Time   :  2021-01-25 14:04:00
I0125 14:04:00.000439   17506 meteringJob.go:80] minute of hour :  4
I0125 14:04:00.000466   17506 meteringJob.go:81] hour of day    :  14
I0125 14:04:00.000491   17506 meteringJob.go:82] day of month   :  25
I0125 14:04:00.000515   17506 meteringJob.go:83] day of year    :  25
E0125 14:04:00.001753   17506 meteringJob.go:284] Prometheus Connection Failed.
E0125 14:04:00.001753   17506 meteringJob.go:284] Prometheus Connection Failed.
E0125 14:04:00.001753   17506 meteringJob.go:284] Prometheus Connection Failed.
I0125 14:05:00.000336   17506 meteringJob.go:78] ============= Metering Time =============
I0125 14:05:00.000424   17506 meteringJob.go:79] Current Time   :  2021-01-25 14:05:00
I0125 14:05:00.000449   17506 meteringJob.go:80] minute of hour :  5
I0125 14:05:00.000479   17506 meteringJob.go:81] hour of day    :  14
I0125 14:05:00.000528   17506 meteringJob.go:82] day of month   :  25
I0125 14:05:00.000553   17506 meteringJob.go:83] day of year    :  25
E0125 14:05:00.001873   17506 meteringJob.go:284] Prometheus Connection Failed.
E0125 14:05:00.001873   17506 meteringJob.go:284] Prometheus Connection Failed.
E0125 14:05:00.001873   17506 meteringJob.go:284] Prometheus Connection Failed.
I0125 14:06:00.000236   17506 meteringJob.go:78] ============= Metering Time =============
I0125 14:06:00.000325   17506 meteringJob.go:79] Current Time   :  2021-01-25 14:06:00
I0125 14:06:00.000350   17506 meteringJob.go:80] minute of hour :  6
I0125 14:06:00.000379   17506 meteringJob.go:81] hour of day    :  14
I0125 14:06:00.000403   17506 meteringJob.go:82] day of month   :  25
I0125 14:06:00.000428   17506 meteringJob.go:83] day of year    :  25
E0125 14:06:00.001695   17506 meteringJob.go:284] Prometheus Connection Failed.
E0125 14:06:00.001695   17506 meteringJob.go:284] Prometheus Connection Failed.
E0125 14:06:00.001695   17506 meteringJob.go:284] Prometheus Connection Failed.
